2018-08-15 10:14:02 DES.InLog.InLogWrite.WriteError  ERROR ERROR - DES.Converts.BYDQService;通信队列:BYD企标上行数据接收队列,异常,信息 :mq队列声明失败!;异常:RabbitMQ.Client.Exceptions.OperationInterruptedException: The AMQP operation was interrupted: AMQP close-reason, initiated by Peer, code=406, text="PRECONDITION_FAILED - inequivalent arg 'type' for exchange 'DES.EXCHANGE.HASE.CONVERTS.BYDData.UP' in vhost '/': received 'fanout' but current is 'direct'", classId=40, methodId=10, cause=
   在 RabbitMQ.Client.Impl.SimpleBlockingRpcContinuation.GetReply()
   在 RabbitMQ.Client.Impl.ModelBase.ModelRpc(MethodBase method, ContentHeaderBase header, Byte[] body)
   在 RabbitMQ.Client.Framing.Impl.Model._Private_ExchangeDeclare(String exchange, String type, Boolean passive, Boolean durable, Boolean autoDelete, Boolean internal, Boolean nowait, IDictionary`2 arguments)
   在 RabbitMQ.Client.Impl.AutorecoveringModel.ExchangeDeclare(String exchange, String type, Boolean durable, Boolean autoDelete, IDictionary`2 arguments)
   在 RabbitMQ.Client.Impl.AutorecoveringModel.ExchangeDeclare(String exchange, String type, Boolean durable)
   在 DES.CommunicationMq.MqQueue.MqFastConsumerQueue.Initialize()
 2018-08-15 10:14:02 DES.InLog.InLogWrite.WriteError  ERROR ERROR - DES.Converts.BYDQService;通信队列:BYD企标上行数据接收队列,异常,信息 :mq队列初始化失败!;异常:RabbitMQ.Client.Exceptions.AlreadyClosedException: Already closed: The AMQP operation was interrupted: AMQP close-reason, initiated by Peer, code=406, text="PRECONDITION_FAILED - inequivalent arg 'type' for exchange 'DES.EXCHANGE.HASE.CONVERTS.BYDData.UP' in vhost '/': received 'fanout' but current is 'direct'", classId=40, methodId=10, cause=
   在 RabbitMQ.Client.Impl.SessionBase.Transmit(Command cmd)
   在 RabbitMQ.Client.Impl.ModelBase.ModelSend(MethodBase method, ContentHeaderBase header, Byte[] body)
   在 RabbitMQ.Client.Framing.Impl.Model._Private_QueueDeclare(String queue, Boolean passive, Boolean durable, Boolean exclusive, Boolean autoDelete, Boolean nowait, IDictionary`2 arguments)
   在 RabbitMQ.Client.Impl.ModelBase.QueueDeclare(String queue, Boolean passive, Boolean durable, Boolean exclusive, Boolean autoDelete, IDictionary`2 arguments)
   在 RabbitMQ.Client.Impl.AutorecoveringModel.QueueDeclare(String queue, Boolean durable, Boolean exclusive, Boolean autoDelete, IDictionary`2 arguments)
   在 DES.CommunicationMq.MqQueue.MqFastConsumerQueue.Initialize()
 2018-08-15 12:53:40 inCom.Logs.Log4NetHelper.Error  ERROR ERROR - DES.Converts.BYDQService;逻辑处理队列:上行数据逻辑,运行任务时发生未捕获异常;异常:System.ArgumentException: 目标数组的长度不足，无法复制集合中的所有项。请检查数组索引和长度。
   在 System.ThrowHelper.ThrowArgumentException(ExceptionResource resource)
   在 System.BitConverter.ToInt32(Byte[] value, Int32 startIndex)
   在 DES.Protocols.BYDQ.Extends.BytesExtend.ReadBigEndianUInt32(Byte[] messge, Int32& offset) 位置 e:\项目源码\汽车数据采集交互系统\通用转发服务V2.0\DES.Protocols.Gbt32960BYDQ\Extends\BytesExtend.cs:行号 78
   在 DES.Protocols.BYDQ.Parses.DataUnitParsers.CanMessageDataParser.Decompose(Byte[] message, Int32& offset, DataBaseUnit protocol) 位置 e:\项目源码\汽车数据采集交互系统\通用转发服务V2.0\DES.Protocols.Gbt32960BYDQ\Parses\DataUnitParsers\CanMessageDataParser.cs:行号 19
   在 DES.Protocols.BYDQ.Parses.DataMonitorParser.Decompose(Byte[] message, Int32& offset) 位置 e:\项目源码\汽车数据采集交互系统\通用转发服务V2.0\DES.Protocols.Gbt32960BYDQ\Parses\3006DataMonitorParser.cs:行号 62
   在 DES.Protocols.BYDQ.Parses.DataMonitorParser.OnDecomposeBody(Byte[] message, Int32& offset, BaseEntity protocol) 位置 e:\项目源码\汽车数据采集交互系统\通用转发服务V2.0\DES.Protocols.Gbt32960BYDQ\Parses\3006DataMonitorParser.cs:行号 97
   在 DES.Protocols.BYDQ.BaseParser.DecomposeMessage(Byte[] message, Int32& offset) 位置 e:\项目源码\汽车数据采集交互系统\通用转发服务V2.0\DES.Protocols.Gbt32960BYDQ\BaseParser.cs:行号 231
   在 DES.Protocols.BYDQ.ParserManager.Decompose(Byte[] message, Int32& offset) 位置 e:\项目源码\汽车数据采集交互系统\通用转发服务V2.0\DES.Protocols.Gbt32960BYDQ\ParserManager.cs:行号 85
   在 DES.Converts.BYDQService.Parse.FromInComUPEntityParse.DataMonitor(IFixBufferEntity caches) 位置 e:\项目源码\汽车数据采集交互系统\通用转发服务V2.0\DES.Converts.BYDQService\Parse\FromInComUPEntityParse.cs:行号 44
   在 DES.Converts.BYDQService.Parse.FromInComUPEntityParse.OnConvert(IFixBufferEntity communicationEntity) 位置 e:\项目源码\汽车数据采集交互系统\通用转发服务V2.0\DES.Converts.BYDQService\Parse\FromInComUPEntityParse.cs:行号 105
   在 DES.Core.ToLogic`2.Convert(ICommunicationEntity entity) 位置 e:\项目源码\汽车数据采集交互系统\通用转发服务V2.0\DES.Core\BaseToLogic.cs:行号 34
   在 DES.Core.BaseService.OnConvertToLogic(ICommunicationEntity entity) 位置 e:\项目源码\汽车数据采集交互系统\通用转发服务V2.0\DES.Core\BaseService.cs:行号 264
   在 DES.Core.BaseService.OnReceive(ICommunicationEntity entity) 位置 e:\项目源码\汽车数据采集交互系统\通用转发服务V2.0\DES.Core\BaseService.cs:行号 299
 2018-08-15 12:55:27 inCom.Logs.Log4NetHelper.Error  ERROR ERROR - DES.Converts.BYDQService;逻辑处理队列:上行数据逻辑,运行任务时发生未捕获异常;异常:System.ArgumentException: 目标数组的长度不足，无法复制集合中的所有项。请检查数组索引和长度。
   在 System.ThrowHelper.ThrowArgumentException(ExceptionResource resource)
   在 System.BitConverter.ToInt32(Byte[] value, Int32 startIndex)
   在 DES.Protocols.BYDQ.Extends.BytesExtend.ReadBigEndianUInt32(Byte[] messge, Int32& offset) 位置 e:\项目源码\汽车数据采集交互系统\通用转发服务V2.0\DES.Protocols.Gbt32960BYDQ\Extends\BytesExtend.cs:行号 78
   在 DES.Protocols.BYDQ.Parses.DataUnitParsers.CanMessageDataParser.Decompose(Byte[] message, Int32& offset, DataBaseUnit protocol) 位置 e:\项目源码\汽车数据采集交互系统\通用转发服务V2.0\DES.Protocols.Gbt32960BYDQ\Parses\DataUnitParsers\CanMessageDataParser.cs:行号 19
   在 DES.Protocols.BYDQ.Parses.DataMonitorParser.Decompose(Byte[] message, Int32& offset) 位置 e:\项目源码\汽车数据采集交互系统\通用转发服务V2.0\DES.Protocols.Gbt32960BYDQ\Parses\3006DataMonitorParser.cs:行号 62
   在 DES.Protocols.BYDQ.Parses.DataMonitorParser.OnDecomposeBody(Byte[] message, Int32& offset, BaseEntity protocol) 位置 e:\项目源码\汽车数据采集交互系统\通用转发服务V2.0\DES.Protocols.Gbt32960BYDQ\Parses\3006DataMonitorParser.cs:行号 97
   在 DES.Protocols.BYDQ.BaseParser.DecomposeMessage(Byte[] message, Int32& offset) 位置 e:\项目源码\汽车数据采集交互系统\通用转发服务V2.0\DES.Protocols.Gbt32960BYDQ\BaseParser.cs:行号 231
   在 DES.Protocols.BYDQ.ParserManager.Decompose(Byte[] message, Int32& offset) 位置 e:\项目源码\汽车数据采集交互系统\通用转发服务V2.0\DES.Protocols.Gbt32960BYDQ\ParserManager.cs:行号 85
   在 DES.Converts.BYDQService.Parse.FromInComUPEntityParse.DataMonitor(IFixBufferEntity caches) 位置 e:\项目源码\汽车数据采集交互系统\通用转发服务V2.0\DES.Converts.BYDQService\Parse\FromInComUPEntityParse.cs:行号 44
   在 DES.Converts.BYDQService.Parse.FromInComUPEntityParse.OnConvert(IFixBufferEntity communicationEntity) 位置 e:\项目源码\汽车数据采集交互系统\通用转发服务V2.0\DES.Converts.BYDQService\Parse\FromInComUPEntityParse.cs:行号 107
   在 DES.Core.ToLogic`2.Convert(ICommunicationEntity entity) 位置 e:\项目源码\汽车数据采集交互系统\通用转发服务V2.0\DES.Core\BaseToLogic.cs:行号 34
   在 DES.Core.BaseService.OnConvertToLogic(ICommunicationEntity entity) 位置 e:\项目源码\汽车数据采集交互系统\通用转发服务V2.0\DES.Core\BaseService.cs:行号 264
   在 DES.Core.BaseService.OnReceive(ICommunicationEntity entity) 位置 e:\项目源码\汽车数据采集交互系统\通用转发服务V2.0\DES.Core\BaseService.cs:行号 299
 