2018-08-16 10:23:11   INFO  INFO - DES.Converts.BYDQService;逻辑插件[上行数据逻辑]订阅[BYD企标上行数据接收队列]通信消息
 2018-08-16 10:23:11   INFO  INFO - DES.Converts.BYDQService;逻辑插件[下行数据逻辑]订阅[BYD企标下行数据接收队列]通信消息
 2018-08-16 10:23:11   INFO  INFO - DES.Converts.BYDQService;创建数据消费队列:BYD企标上行数据接收队列,队列信息:角色:consumer,服务地址:127.0.0.1:5672,交换名:DES.EXCHANGE.HASE.CONVERTS.BYDData.UP,绑定/路由键100 交换类型:fanout 队列名称:DES.QUEUE.HASE.CONVERTS.BYDData.UP
 2018-08-16 10:23:11   ERROR ERROR - DES.Converts.BYDQService;通信队列:BYD企标上行数据接收队列,异常,信息 :mq队列声明失败!;异常:RabbitMQ.Client.Exceptions.OperationInterruptedException: The AMQP operation was interrupted: AMQP close-reason, initiated by Peer, code=406, text="PRECONDITION_FAILED - inequivalent arg 'type' for exchange 'DES.EXCHANGE.HASE.CONVERTS.BYDData.UP' in vhost '/': received 'fanout' but current is 'direct'", classId=40, methodId=10, cause=
   在 RabbitMQ.Client.Impl.SimpleBlockingRpcContinuation.GetReply()
   在 RabbitMQ.Client.Impl.ModelBase.ModelRpc(MethodBase method, ContentHeaderBase header, Byte[] body)
   在 RabbitMQ.Client.Framing.Impl.Model._Private_ExchangeDeclare(String exchange, String type, Boolean passive, Boolean durable, Boolean autoDelete, Boolean internal, Boolean nowait, IDictionary`2 arguments)
   在 RabbitMQ.Client.Impl.ModelBase.ExchangeDeclare(String exchange, String type, Boolean durable, Boolean autoDelete, IDictionary`2 arguments)
   在 RabbitMQ.Client.Impl.AutorecoveringModel.ExchangeDeclare(String exchange, String type, Boolean durable, Boolean autoDelete, IDictionary`2 arguments)
   在 RabbitMQ.Client.Impl.AutorecoveringModel.ExchangeDeclare(String exchange, String type, Boolean durable)
   在 DES.CommunicationMq.MqQueue.MqFastConsumerQueue.Initialize()
 2018-08-16 10:23:11   ERROR ERROR - DES.Converts.BYDQService;通信队列:BYD企标上行数据接收队列,异常,信息 :mq队列初始化失败!;异常:RabbitMQ.Client.Exceptions.AlreadyClosedException: Already closed: The AMQP operation was interrupted: AMQP close-reason, initiated by Peer, code=406, text="PRECONDITION_FAILED - inequivalent arg 'type' for exchange 'DES.EXCHANGE.HASE.CONVERTS.BYDData.UP' in vhost '/': received 'fanout' but current is 'direct'", classId=40, methodId=10, cause=
   在 RabbitMQ.Client.Impl.SessionBase.Transmit(Command cmd)
   在 RabbitMQ.Client.Impl.ModelBase.ModelSend(MethodBase method, ContentHeaderBase header, Byte[] body)
   在 RabbitMQ.Client.Framing.Impl.Model._Private_QueueDeclare(String queue, Boolean passive, Boolean durable, Boolean exclusive, Boolean autoDelete, Boolean nowait, IDictionary`2 arguments)
   在 RabbitMQ.Client.Impl.ModelBase.QueueDeclare(String queue, Boolean passive, Boolean durable, Boolean exclusive, Boolean autoDelete, IDictionary`2 arguments)
   在 RabbitMQ.Client.Impl.ModelBase.QueueDeclare(String queue, Boolean durable, Boolean exclusive, Boolean autoDelete, IDictionary`2 arguments)
   在 RabbitMQ.Client.Impl.AutorecoveringModel.QueueDeclare(String queue, Boolean durable, Boolean exclusive, Boolean autoDelete, IDictionary`2 arguments)
   在 DES.CommunicationMq.MqQueue.MqFastConsumerQueue.Initialize()
 2018-08-16 10:23:11   INFO  INFO - DES.Converts.BYDQService;创建数据消费队列:BYD企标下行数据接收队列,队列信息:角色:consumer,服务地址:127.0.0.1:5672,交换名:DES.EXCHANGE.HASE.CONVERTS.BYDData.Down,绑定/路由键7002 交换类型:fanout 队列名称:DES.QUEUE.HASE.CONVERTS.BYDData.Down
 2018-08-16 10:23:11   INFO  INFO - DES.Converts.BYDQService;创建数据生产队列:BYD企标上行数据发布队列,队列信息:角色:producer,服务地址:127.0.0.1:5672,交换名:DES.EXCHANGE.HASE.CONVERTS.BYDData.UP,绑定/路由键 
 2018-08-16 10:23:11   INFO  INFO - DES.Converts.BYDQService;创建数据生产队列:BYD企标下行数据发布队列,队列信息:角色:producer,服务地址:127.0.0.1:5672,交换名:DES.EXCHANGE.HASE.CONVERTS.BYDData.Down,绑定/路由键 
 2018-08-16 10:23:11   INFO  INFO - DES.Converts.BYDQService;Zabbix 监控 MQ通信IO 线程启动！
 2018-08-16 10:23:19   INFO  INFO - DES.Converts.BYDQService;逻辑插件[上行数据逻辑]订阅[BYD企标上行数据接收队列]通信消息
 2018-08-16 10:23:19   INFO  INFO - DES.Converts.BYDQService;逻辑插件[下行数据逻辑]订阅[BYD企标下行数据接收队列]通信消息
 2018-08-16 10:23:19   INFO  INFO - DES.Converts.BYDQService;创建数据消费队列:BYD企标上行数据接收队列,队列信息:角色:consumer,服务地址:127.0.0.1:5672,交换名:DES.EXCHANGE.HASE.CONVERTS.BYDData.UP,绑定/路由键100 交换类型:fanout 队列名称:DES.QUEUE.HASE.CONVERTS.BYDData.UP
 2018-08-16 10:23:19   ERROR ERROR - DES.Converts.BYDQService;通信队列:BYD企标上行数据接收队列,异常,信息 :mq队列声明失败!;异常:RabbitMQ.Client.Exceptions.OperationInterruptedException: The AMQP operation was interrupted: AMQP close-reason, initiated by Peer, code=406, text="PRECONDITION_FAILED - inequivalent arg 'type' for exchange 'DES.EXCHANGE.HASE.CONVERTS.BYDData.UP' in vhost '/': received 'fanout' but current is 'direct'", classId=40, methodId=10, cause=
   在 RabbitMQ.Client.Impl.SimpleBlockingRpcContinuation.GetReply()
   在 RabbitMQ.Client.Impl.ModelBase.ModelRpc(MethodBase method, ContentHeaderBase header, Byte[] body)
   在 RabbitMQ.Client.Framing.Impl.Model._Private_ExchangeDeclare(String exchange, String type, Boolean passive, Boolean durable, Boolean autoDelete, Boolean internal, Boolean nowait, IDictionary`2 arguments)
   在 RabbitMQ.Client.Impl.ModelBase.ExchangeDeclare(String exchange, String type, Boolean durable, Boolean autoDelete, IDictionary`2 arguments)
   在 RabbitMQ.Client.Impl.AutorecoveringModel.ExchangeDeclare(String exchange, String type, Boolean durable, Boolean autoDelete, IDictionary`2 arguments)
   在 RabbitMQ.Client.Impl.AutorecoveringModel.ExchangeDeclare(String exchange, String type, Boolean durable)
   在 DES.CommunicationMq.MqQueue.MqFastConsumerQueue.Initialize()
 2018-08-16 10:23:19   ERROR ERROR - DES.Converts.BYDQService;通信队列:BYD企标上行数据接收队列,异常,信息 :mq队列初始化失败!;异常:RabbitMQ.Client.Exceptions.AlreadyClosedException: Already closed: The AMQP operation was interrupted: AMQP close-reason, initiated by Peer, code=406, text="PRECONDITION_FAILED - inequivalent arg 'type' for exchange 'DES.EXCHANGE.HASE.CONVERTS.BYDData.UP' in vhost '/': received 'fanout' but current is 'direct'", classId=40, methodId=10, cause=
   在 RabbitMQ.Client.Impl.SessionBase.Transmit(Command cmd)
   在 RabbitMQ.Client.Impl.ModelBase.ModelSend(MethodBase method, ContentHeaderBase header, Byte[] body)
   在 RabbitMQ.Client.Framing.Impl.Model._Private_QueueDeclare(String queue, Boolean passive, Boolean durable, Boolean exclusive, Boolean autoDelete, Boolean nowait, IDictionary`2 arguments)
   在 RabbitMQ.Client.Impl.ModelBase.QueueDeclare(String queue, Boolean passive, Boolean durable, Boolean exclusive, Boolean autoDelete, IDictionary`2 arguments)
   在 RabbitMQ.Client.Impl.ModelBase.QueueDeclare(String queue, Boolean durable, Boolean exclusive, Boolean autoDelete, IDictionary`2 arguments)
   在 RabbitMQ.Client.Impl.AutorecoveringModel.QueueDeclare(String queue, Boolean durable, Boolean exclusive, Boolean autoDelete, IDictionary`2 arguments)
   在 DES.CommunicationMq.MqQueue.MqFastConsumerQueue.Initialize()
 2018-08-16 10:23:19   INFO  INFO - DES.Converts.BYDQService;创建数据消费队列:BYD企标下行数据接收队列,队列信息:角色:consumer,服务地址:127.0.0.1:5672,交换名:DES.EXCHANGE.HASE.CONVERTS.BYDData.Down,绑定/路由键7002 交换类型:fanout 队列名称:DES.QUEUE.HASE.CONVERTS.BYDData.Down
 2018-08-16 10:23:20   INFO  INFO - DES.Converts.BYDQService;创建数据生产队列:BYD企标上行数据发布队列,队列信息:角色:producer,服务地址:127.0.0.1:5672,交换名:DES.EXCHANGE.HASE.CONVERTS.BYDData.UP,绑定/路由键 
 2018-08-16 10:23:20   INFO  INFO - DES.Converts.BYDQService;创建数据生产队列:BYD企标下行数据发布队列,队列信息:角色:producer,服务地址:127.0.0.1:5672,交换名:DES.EXCHANGE.HASE.CONVERTS.BYDData.Down,绑定/路由键 
 2018-08-16 10:23:20   INFO  INFO - DES.Converts.BYDQService;Zabbix 监控 MQ通信IO 线程启动！
 